<?xml version="1.0" encoding="UTF-8"?>
<testsuite xmlns:xsi="http://www.w3.org/2001/XMLSchema-instance" xsi:noNamespaceSchemaLocation="https://maven.apache.org/surefire/maven-surefire-plugin/xsd/surefire-test-report.xsd" version="3.0.2" name="net.javaguides.springboot_docker_demo.SpringbootDockerDemoApplicationTests" time="12.765" tests="1" errors="0" skipped="0" failures="0">
  <properties>
[...]
</properties>
  <testcase name="contextLoads" classname="net.javaguides.springboot_docker_demo.SpringbootDockerDemoApplicationTests" time="3.582">
    <system-out><![CDATA[21:47:34.621 [main] INFO org.springframework.test.context.support.AnnotationConfigContextLoaderUtils -- Could not detect default configuration classes for test class [net.javaguides.springboot_docker_demo.SpringbootDockerDemoApplicationTests]: SpringbootDockerDemoApplicationTests does not declare any static, non-private, non-final, nested classes annotated with @Configuration.
21:47:35.051 [main] INFO org.springframework.boot.test.context.SpringBootTestContextBootstrapper -- Found @SpringBootConfiguration net.javaguides.springboot_docker_demo.SpringbootDockerDemoApplication for test class net.javaguides.springboot_docker_demo.SpringbootDockerDemoApplicationTests

  .   ____          _            __ _ _
 /\\ / ___'_ __ _ _(_)_ __  __ _ \ \ \ \
( ( )\___ | '_ | '_| | '_ \/ _` | \ \ \ \
 \\/  ___)| |_)| | | | | || (_| |  ) ) ) )
  '  |____| .__|_| |_|_| |_\__, | / / / /
 =========|_|==============|___/=/_/_/_/

 :: Spring Boot ::                (v4.0.0)

2025-11-22T21:47:36.696+05:30  INFO 13148 --- [springboot-docker-demo] [           main] j.s.SpringbootDockerDemoApplicationTests : Starting SpringbootDockerDemoApplicationTests using Java 23.0.1 with PID 13148 (started by vikas in C:\Users\vikas\Downloads\springboot-docker-demo\springboot-docker-demo)
2025-11-22T21:47:36.703+05:30  INFO 13148 --- [springboot-docker-demo] [           main] j.s.SpringbootDockerDemoApplicationTests : No active profile set, falling back to 1 default profile: "default"
2025-11-22T21:47:42.704+05:30  INFO 13148 --- [springboot-docker-demo] [           main] j.s.SpringbootDockerDemoApplicationTests : Started SpringbootDockerDemoApplicationTests in 7.108 seconds (process running for 11.704)
]]></system-out>
    <system-err><![CDATA[Mockito is currently self-attaching to enable the inline-mock-maker. This will no longer work in future releases of the JDK. Please add Mockito as an agent to your build as described in Mockito's documentation: https://javadoc.io/doc/org.mockito/mockito-core/latest/org.mockito/org/mockito/Mockito.html#0.3
WARNING: A Java agent has been loaded dynamically (C:\Users\vikas\.m2\repository\net\bytebuddy\byte-buddy-agent\1.17.8\byte-buddy-agent-1.17.8.jar)
WARNING: If a serviceability tool is in use, please run with -XX:+EnableDynamicAgentLoading to hide this warning
WARNING: If a serviceability tool is not in use, please run with -Djdk.instrument.traceUsage for more information
WARNING: Dynamic loading of agents will be disallowed by default in a future release
]]></system-err>
  </testcase>
</testsuite>